main:
	push ebp
	mov ebp,esp
	mov ebx,[@s_esp]
	mov [@s_esp],esp
	mov esp,ebx
	mov ebx,[@s_ebp]
	push ebx
	mov [@s_ebp],esp
	mov ebx,[@s_esp]
	mov [@s_esp],esp
	mov esp,ebx
	;函数头
	push 0
	push 0
	push 0
	push 0
	lea eax,[ebp-12]
	mov ebx,[ebp-16]
	mov [eax],ebx
	push 0
	lea eax,[ebp-12]
	mov ebx,[ebp-20]
	mov [eax],ebx
	push 0
	mov eax,[ebp-12]
	mov ebx,[ebp-12]
	add eax,ebx
	mov [ebp-24],eax
	lea eax,[ebp-12]
	mov ebx,[ebp-24]
	mov [eax],ebx
	push 1
	push 2
	push -1
;----------生成常量string@temp_string_5的代码----------
	mov eax,[@s_esp]
	mov [@s_esp],esp
	mov esp,eax
	mov eax,@str_2_len
	sub esp,1
	mov [esp],al;长度压入后再压入数据栈
	mov [ebp-36],esp
	cmp eax,0
	je @lab_cpystr2_exit_8
	mov ecx,@str_2_len
	dec ecx
	mov esi,@str_2
@lab_cpystr2_7:
	cmp ecx,-1
	je @lab_cpystr2_exit_8
	mov al,[esi+ecx]
	sub esp,1
	mov [esp],al
	dec ecx
	jmp @lab_cpystr2_7
@lab_cpystr2_exit_8:
	mov eax,[@s_esp]
	mov [@s_esp],esp
	mov esp,eax
;--------------------------------------------------
;----------生成numberc的string代码----------
	mov eax,[@s_esp]
	mov [@s_esp],esp
	mov esp,eax
	mov eax,[ebp-12]
	mov esi,[ebp-36];
	mov edi,0
	cmp eax,0
	jge @lab_numsign1_exit_12
@lab_numsign1_11:
	neg eax
	mov edi,1
@lab_numsign1_exit_12:
	mov ebx,10
@lab_numtostr1_9:
	mov edx,0
	idiv ebx
	mov cl,[esi]
	inc cl
	mov [esi],cl
	sub esp,1
	add dl,48
	mov [esp],dl
	cmp eax,0
	jne @lab_numtostr1_9
	cmp edi,0
	je @lab_numsign1_add_13
	sub esp,1
	mov ecx,45
	mov [esp],cl
	mov cl,[esi]
	inc cl
	mov [esi],cl
@lab_numsign1_add_13:
	cmp cl,255
	jna @lab_numtostr1_exit_10
	call @str2long
@lab_numtostr1_exit_10:
	mov eax,[@s_esp]
	mov [@s_esp],esp
	mov esp,eax
;--------------------------------------------------
	push -1
;----------生成动态string@temp_string_6的代码----------
	mov eax,[@s_esp]
	mov [@s_esp],esp
	mov esp,eax
	mov ebx,[ebp-36]
	mov eax,0
	mov al,[ebx]
	sub esp,1
	mov [esp],al;长度压入后再压入数据栈
	mov [ebp-40],esp
	cmp eax,0
	je @lab_cpystr2_exit_16
	mov ecx,0
	mov esi,ebx
	sub esi,1
	neg eax
@lab_cpystr2_15:
	cmp ecx,eax
	je @lab_cpystr2_exit_16
	mov dl,[esi+ecx]
	sub esp,1
	mov [esp],dl
	dec ecx
	jmp @lab_cpystr2_15
@lab_cpystr2_exit_16:
	mov eax,[@s_esp]
	mov [@s_esp],esp
	mov esp,eax
;--------------------------------------------------
;----------生成常量string@temp_string_4的代码----------
	mov eax,[@s_esp]
	mov [@s_esp],esp
	mov esp,eax
	mov eax,@str_1_len
	cmp eax,0
	je @lab_cpystr1_exit_18
	mov ebx,[ebp-40];
	mov edx,0
	mov dl,[ebx]
	add edx,eax
	mov [ebx],dl
	mov ecx,@str_1_len
	dec ecx
	mov esi,@str_1
	cmp edx,255
	jna @lab_cpystr1_17
	call @str2long
@lab_cpystr1_17:
	cmp ecx,-1
	je @lab_cpystr1_exit_18
	mov al,[esi+ecx]
	sub esp,1
	mov [esp],al
	dec ecx
	jmp @lab_cpystr1_17
@lab_cpystr1_exit_18:
	mov eax,[@s_esp]
	mov [@s_esp],esp
	mov esp,eax
;--------------------------------------------------
	;为@temp_string_14产生输出代码
	push -1
;----------生成动态string@temp_string_14的代码----------
	mov eax,[@s_esp]
	mov [@s_esp],esp
	mov esp,eax
	mov ebx,[ebp-40]
	mov eax,0
	mov al,[ebx]
	sub esp,1
	mov [esp],al;长度压入后再压入数据栈
	mov [ebp-44],esp
	cmp eax,0
	je @lab_cpystr2_exit_21
	mov ecx,0
	mov esi,ebx
	sub esi,1
	neg eax
@lab_cpystr2_20:
	cmp ecx,eax
	je @lab_cpystr2_exit_21
	mov dl,[esi+ecx]
	sub esp,1
	mov [esp],dl
	dec ecx
	jmp @lab_cpystr2_20
@lab_cpystr2_exit_21:
	mov eax,[@s_esp]
	mov [@s_esp],esp
	mov esp,eax
;--------------------------------------------------
;--------------------------------------------------
	mov ecx,[ebp-44]
	mov edx,0
	mov dl,[ecx]
	sub ecx,edx
	mov ebx,1
	mov eax,4
	int 128
	push 0
	mov eax,[ebp-48]
	mov ebx,[@s_ebp]
	mov [@s_esp],ebx
	mov ebx,[@s_esp]
	mov [@s_esp],esp
	mov esp,ebx
	pop ebx
	mov [@s_ebp],ebx
	mov ebx,[@s_esp]
	mov [@s_esp],esp
	mov esp,ebx
	mov esp,ebp
	pop ebp
	ret
